Arguments: 
  C:\Program Files\nodejs\node.exe C:\Program Files\nodejs\node_modules\yarn\bin\yarn.js g add umi

PATH: 
  C:\Program Files\Git\mingw64\bin;C:\Program Files\Git\usr\bin;C:\Users\lenovo\bin;C:\Ruby22-x64\bin;C:\Program Files\Java\jdk1.7.0_45\bin;C:\Windows\system32;C:\Windows;C:\Windows\System32\Wbem;C:\Windows\System32\WindowsPowerShell\v1.0;C:\Program Files (x86)\Common Files\Lenovo;C:\ProgramData\Lenovo\ReadyApps;C:\Program Files\TortoiseSVN\bin;C:\Program Files\Git\cmd;C:\Users\lenovo\AppData\Roaming\nvm;C:\Program Files\nodejs;C:\Program Files\TortoiseGit\bin;C:\Program Files (x86)\Yarn\bin;C:\Program Files (x86)\Microsoft VS Code\bin;C:\Program Files (x86)\Microsoft VS Code\bin;C:\Users\lenovo\AppData\Roaming\nvm;C:\Program Files\nodejs;C:\Users\lenovo\AppData\Local\Yarn\bin

Yarn version: 
  1.5.1

Node version: 
  8.9.1

Platform: 
  win32 x64

npm manifest: 
  No manifest

yarn manifest: 
  No manifest

Lockfile: 
  No lockfile

Trace: 
  Error: Couldn't find a package.json file in "E:\\codeAndNote\
  ote\
  ote\\DVA"
      at new MessageError (C:\Users\lenovo\AppData\Roaming\nvm\v8.9.1\node_modules\yarn\lib\cli.js:186:110)
      at C:\Users\lenovo\AppData\Roaming\nvm\v8.9.1\node_modules\yarn\lib\cli.js:40048:15
      at Generator.next (<anonymous>)
      at step (C:\Users\lenovo\AppData\Roaming\nvm\v8.9.1\node_modules\yarn\lib\cli.js:98:30)
      at C:\Users\lenovo\AppData\Roaming\nvm\v8.9.1\node_modules\yarn\lib\cli.js:109:13
      at <anonymous>
